2025-04-08 18:27:34.592688 - Received CBT.V508.FILE093.PDS from FILE093.XMI 
2025-04-08 18:27:34.598572 - Found $$$$$ADD.txt (text/plain) in CBT.V508.FILE093.PDS, moved to PDS/$$$$$ADD
2025-04-08 18:27:34.599228 - Found $$$#DATE.txt (text/plain) in CBT.V508.FILE093.PDS, moved to PDS/$$$#DATE
2025-04-08 18:27:34.599904 - Found $$NOTE01.txt (text/plain) in CBT.V508.FILE093.PDS, moved to PDS/$$NOTE01
2025-04-08 18:27:34.600484 - Found $$NOTE02.txt (text/plain) in CBT.V508.FILE093.PDS, moved to PDS/$$NOTE02
2025-04-08 18:27:34.601087 - Found $$NOTE03.txt (text/plain) in CBT.V508.FILE093.PDS, moved to PDS/$$NOTE03
2025-04-08 18:27:34.601742 - Found $$NOTE04.txt (text/plain) in CBT.V508.FILE093.PDS, moved to PDS/$$NOTE04
2025-04-08 18:27:34.602375 - Found $$NOTE05.txt (text/plain) in CBT.V508.FILE093.PDS, moved to PDS/$$NOTE05
2025-04-08 18:27:34.602992 - Found $$NOTE06.txt (text/plain) in CBT.V508.FILE093.PDS, moved to PDS/$$NOTE06
2025-04-08 18:27:34.603650 - Found $$NOTE07.txt (text/plain) in CBT.V508.FILE093.PDS, moved to PDS/$$NOTE07
2025-04-08 18:27:34.604249 - Found $$NOTE08.txt (text/plain) in CBT.V508.FILE093.PDS, moved to PDS/$$NOTE08
2025-04-08 18:27:34.604858 - Found $$NOTE09.txt (text/plain) in CBT.V508.FILE093.PDS, moved to PDS/$$NOTE09
2025-04-08 18:27:34.605471 - Found $$NOTE10.txt (text/plain) in CBT.V508.FILE093.PDS, moved to PDS/$$NOTE10
2025-04-08 18:27:34.606152 - Found $$NOTE11.txt (text/plain) in CBT.V508.FILE093.PDS, moved to PDS/$$NOTE11
2025-04-08 18:27:34.606793 - Found $$NOTE12.txt (text/plain) in CBT.V508.FILE093.PDS, moved to PDS/$$NOTE12
2025-04-08 18:27:34.607428 - Found $$NOTE13.txt (text/plain) in CBT.V508.FILE093.PDS, moved to PDS/$$NOTE13
2025-04-08 18:27:34.608016 - Found $$NOTE14.txt (text/plain) in CBT.V508.FILE093.PDS, moved to PDS/$$NOTE14
2025-04-08 18:27:34.608641 - Found $EPILOG.txt (text/plain) in CBT.V508.FILE093.PDS, moved to PDS/$EPILOG
2025-04-08 18:27:34.609296 - Found $JCLOFFL.jcl (text/plain) in CBT.V508.FILE093.PDS, moved to PDS/$JCLOFFL
2025-04-08 18:27:34.609899 - Found $JCLPDSL.jcl (text/plain) in CBT.V508.FILE093.PDS, moved to PDS/$JCLPDSL
2025-04-08 18:27:34.610443 - Found $OFFLINS.jcl (text/plain) in CBT.V508.FILE093.PDS, moved to PDS/$OFFLINS
2025-04-08 18:27:34.611027 - Found $PDSLINS.jcl (text/plain) in CBT.V508.FILE093.PDS, moved to PDS/$PDSLINS
2025-04-08 18:27:34.611619 - Found $PROLOG.txt (text/plain) in CBT.V508.FILE093.PDS, moved to PDS/$PROLOG
2025-04-08 18:27:34.612200 - Found $REGS.txt (text/plain) in CBT.V508.FILE093.PDS, moved to PDS/$REGS
2025-04-08 18:27:34.612930 - Found #DCBD.bin (application/octet-stream) in CBT.V508.FILE093.PDS, moved to PDS/#DCBD
2025-04-08 18:27:34.613536 - Found #DSORG.txt (text/plain) in CBT.V508.FILE093.PDS, moved to PDS/#DSORG
2025-04-08 18:27:34.614235 - Found #ENTER.txt (text/plain) in CBT.V508.FILE093.PDS, moved to PDS/#ENTER
2025-04-08 18:27:34.614906 - Found #EXIT.txt (text/plain) in CBT.V508.FILE093.PDS, moved to PDS/#EXIT
2025-04-08 18:27:34.615527 - Found #PUT.txt (text/plain) in CBT.V508.FILE093.PDS, moved to PDS/#PUT
2025-04-08 18:27:34.616200 - Found #REGS.txt (text/plain) in CBT.V508.FILE093.PDS, moved to PDS/#REGS
2025-04-08 18:27:34.616837 - Found #TEST.bin (application/octet-stream) in CBT.V508.FILE093.PDS, moved to PDS/#TEST
2025-04-08 18:27:34.617454 - Found #USING.txt (text/plain) in CBT.V508.FILE093.PDS, moved to PDS/#USING
2025-04-08 18:27:34.618118 - Found @FILE093.txt (text/plain) in CBT.V508.FILE093.PDS, moved to PDS/@FILE093
2025-04-08 18:27:34.618835 - Found ASMVCL.txt (text/plain) in CBT.V508.FILE093.PDS, moved to PDS/ASMVCL
2025-04-08 18:27:34.619437 - Found CAPS.txt (text/plain) in CBT.V508.FILE093.PDS, moved to PDS/CAPS
2025-04-08 18:27:34.620218 - Found COMMENT.txt (text/plain) in CBT.V508.FILE093.PDS, moved to PDS/COMMENT
2025-04-08 18:27:34.620941 - Found CONVERT.txt (text/plain) in CBT.V508.FILE093.PDS, moved to PDS/CONVERT
2025-04-08 18:27:34.621553 - Found CPDATA.txt (text/plain) in CBT.V508.FILE093.PDS, moved to PDS/CPDATA
2025-04-08 18:27:34.622214 - Found CPEND.txt (text/plain) in CBT.V508.FILE093.PDS, moved to PDS/CPEND
2025-04-08 18:27:34.622837 - Found CPENTRY.txt (text/plain) in CBT.V508.FILE093.PDS, moved to PDS/CPENTRY
2025-04-08 18:27:34.623485 - Found CPEXIT.txt (text/plain) in CBT.V508.FILE093.PDS, moved to PDS/CPEXIT
2025-04-08 18:27:34.624079 - Found CPINIT.txt (text/plain) in CBT.V508.FILE093.PDS, moved to PDS/CPINIT
2025-04-08 18:27:34.624681 - Found CVDT.txt (text/plain) in CBT.V508.FILE093.PDS, moved to PDS/CVDT
2025-04-08 18:27:34.625331 - Found CVRT.txt (text/plain) in CBT.V508.FILE093.PDS, moved to PDS/CVRT
2025-04-08 18:27:34.625956 - Found DA08BLD.txt (text/plain) in CBT.V508.FILE093.PDS, moved to PDS/DA08BLD
2025-04-08 18:27:34.626604 - Found DCS.txt (text/plain) in CBT.V508.FILE093.PDS, moved to PDS/DCS
2025-04-08 18:27:34.627220 - Found EQUENT.txt (text/plain) in CBT.V508.FILE093.PDS, moved to PDS/EQUENT
2025-04-08 18:27:34.627870 - Found EQUEXT.txt (text/plain) in CBT.V508.FILE093.PDS, moved to PDS/EQUEXT
2025-04-08 18:27:34.628489 - Found EQUREG.txt (text/plain) in CBT.V508.FILE093.PDS, moved to PDS/EQUREG
2025-04-08 18:27:34.629048 - Found EQUREGS.txt (text/plain) in CBT.V508.FILE093.PDS, moved to PDS/EQUREGS
2025-04-08 18:27:34.629610 - Found GNRLFAIL.txt (text/plain) in CBT.V508.FILE093.PDS, moved to PDS/GNRLFAIL
2025-04-08 18:27:34.630195 - Found JVDENTER.txt (text/plain) in CBT.V508.FILE093.PDS, moved to PDS/JVDENTER
2025-04-08 18:27:34.630818 - Found JVDEQU.txt (text/plain) in CBT.V508.FILE093.PDS, moved to PDS/JVDEQU
2025-04-08 18:27:34.631366 - Found JVDLEAVE.txt (text/plain) in CBT.V508.FILE093.PDS, moved to PDS/JVDLEAVE
2025-04-08 18:27:34.632255 - Found LINKBACK.txt (text/plain) in CBT.V508.FILE093.PDS, moved to PDS/LINKBACK
2025-04-08 18:27:34.632991 - Found LISTPDS.txt (text/plain) in CBT.V508.FILE093.PDS, moved to PDS/LISTPDS
2025-04-08 18:27:34.633650 - Found LISTPDS$.jcl (text/plain) in CBT.V508.FILE093.PDS, moved to PDS/LISTPDS$
2025-04-08 18:27:34.634313 - Found LISTPDS1.txt (text/plain) in CBT.V508.FILE093.PDS, moved to PDS/LISTPDS1
2025-04-08 18:27:34.634999 - Found LISTPDS2.txt (text/plain) in CBT.V508.FILE093.PDS, moved to PDS/LISTPDS2
2025-04-08 18:27:34.635715 - Found LISTPDS3.txt (text/plain) in CBT.V508.FILE093.PDS, moved to PDS/LISTPDS3
2025-04-08 18:27:34.636482 - Found LISTPDS4.txt (text/plain) in CBT.V508.FILE093.PDS, moved to PDS/LISTPDS4
2025-04-08 18:27:34.637151 - Found LOADIT.txt (text/plain) in CBT.V508.FILE093.PDS, moved to PDS/LOADIT
2025-04-08 18:27:34.637761 - Found MSG.txt (text/plain) in CBT.V508.FILE093.PDS, moved to PDS/MSG
2025-04-08 18:27:34.638368 - Found NEWCSECT.txt (text/plain) in CBT.V508.FILE093.PDS, moved to PDS/NEWCSECT
2025-04-08 18:27:34.638918 - Found OFFLOAD$.jcl (text/plain) in CBT.V508.FILE093.PDS, moved to PDS/OFFLOAD$
2025-04-08 18:27:34.639614 - Found OFFLOADW.txt (text/plain) in CBT.V508.FILE093.PDS, moved to PDS/OFFLOADW
2025-04-08 18:27:34.640274 - Found OFFLOA01.txt (text/plain) in CBT.V508.FILE093.PDS, moved to PDS/OFFLOA01
2025-04-08 18:27:34.641014 - Found OFFLOA02.txt (text/plain) in CBT.V508.FILE093.PDS, moved to PDS/OFFLOA02
2025-04-08 18:27:34.641723 - Found OFFLOA03.txt (text/plain) in CBT.V508.FILE093.PDS, moved to PDS/OFFLOA03
2025-04-08 18:27:34.642408 - Found OFFLOOLD.txt (text/plain) in CBT.V508.FILE093.PDS, moved to PDS/OFFLOOLD
2025-04-08 18:27:34.643178 - Found OFFLOOLE.txt (text/plain) in CBT.V508.FILE093.PDS, moved to PDS/OFFLOOLE
2025-04-08 18:27:34.643814 - Found PDSLOAD$.jcl (text/plain) in CBT.V508.FILE093.PDS, moved to PDS/PDSLOAD$
2025-04-08 18:27:34.644500 - Found PDSLOADW.txt (text/plain) in CBT.V508.FILE093.PDS, moved to PDS/PDSLOADW
2025-04-08 18:27:34.645182 - Found PDSLOAD1.txt (text/plain) in CBT.V508.FILE093.PDS, moved to PDS/PDSLOAD1
2025-04-08 18:27:34.645843 - Found PDSLOAD2.txt (text/plain) in CBT.V508.FILE093.PDS, moved to PDS/PDSLOAD2
2025-04-08 18:27:34.646518 - Found PDSLOAD3.txt (text/plain) in CBT.V508.FILE093.PDS, moved to PDS/PDSLOAD3
2025-04-08 18:27:34.647244 - Found PDSLOAD4.txt (text/plain) in CBT.V508.FILE093.PDS, moved to PDS/PDSLOAD4
2025-04-08 18:27:34.647929 - Found PDSLOAD5.txt (text/plain) in CBT.V508.FILE093.PDS, moved to PDS/PDSLOAD5
2025-04-08 18:27:34.648604 - Found PDSLOAD6.txt (text/plain) in CBT.V508.FILE093.PDS, moved to PDS/PDSLOAD6
2025-04-08 18:27:34.649351 - Found PDSLOAD7.txt (text/plain) in CBT.V508.FILE093.PDS, moved to PDS/PDSLOAD7
2025-04-08 18:27:34.649996 - Found PDSLOAD8.txt (text/plain) in CBT.V508.FILE093.PDS, moved to PDS/PDSLOAD8
2025-04-08 18:27:34.650732 - Found PDSLOAD9.txt (text/plain) in CBT.V508.FILE093.PDS, moved to PDS/PDSLOAD9
2025-04-08 18:27:34.651463 - Found PDSLOA10.txt (text/plain) in CBT.V508.FILE093.PDS, moved to PDS/PDSLOA10
2025-04-08 18:27:34.652144 - Found PDSLOOLD.txt (text/plain) in CBT.V508.FILE093.PDS, moved to PDS/PDSLOOLD
2025-04-08 18:27:34.652797 - Found REGEQU.txt (text/plain) in CBT.V508.FILE093.PDS, moved to PDS/REGEQU
2025-04-08 18:27:34.653409 - Found REGS.txt (text/plain) in CBT.V508.FILE093.PDS, moved to PDS/REGS
2025-04-08 18:27:34.654019 - Found STAE$.txt (text/plain) in CBT.V508.FILE093.PDS, moved to PDS/STAE$
2025-04-08 18:27:34.654663 - Found TESTOPEN.txt (text/plain) in CBT.V508.FILE093.PDS, moved to PDS/TESTOPEN
2025-04-08 18:27:34.655316 - Found TMPMAC.txt (text/plain) in CBT.V508.FILE093.PDS, moved to PDS/TMPMAC
2025-04-08 18:27:34.655946 - Found UNUPDTE.txt (text/plain) in CBT.V508.FILE093.PDS, moved to PDS/UNUPDTE
2025-04-08 18:27:34.656898 - Found UNUPDTE$.jcl (text/plain) in CBT.V508.FILE093.PDS, moved to PDS/UNUPDTE$
2025-04-08 18:27:34.657505 - Found UNUPDTEO.txt (text/plain) in CBT.V508.FILE093.PDS, moved to PDS/UNUPDTEO
2025-04-08 18:27:34.658212 - Found UPDTE.txt (text/plain) in CBT.V508.FILE093.PDS, moved to PDS/UPDTE
2025-04-08 18:27:34.658784 - Found UPDTE$.jcl (text/plain) in CBT.V508.FILE093.PDS, moved to PDS/UPDTE$
